<?xml version="1.0" encoding="UTF-8"?>
<!-- Generated by org.testng.reporters.JUnitReportReporter -->
<testsuite hostname="DESKTOP-4AP9L0I" failures="0" tests="4" name="TestCases.LoginTest" time="11.758" errors="0" timestamp="2022-01-07T15:41:41 EST" skipped="0">
  <testcase classname="TestCases.LoginTest" name="invalidLoginErrorMessageValidation" time="3.075"/>
  <system-out/>
  <testcase classname="TestCases.LoginTest" name="invalidLoginErrorMessageValidation" time="2.384"/>
  <system-out/>
  <testcase classname="TestCases.LoginTest" name="invalidLoginErrorMessageValidation" time="3.776"/>
  <system-out/>
  <testcase classname="TestCases.LoginTest" name="invalidLoginErrorMessageValidation" time="2.523"/>
  <system-out/>
</testsuite> <!-- TestCases.LoginTest -->
